<?xml version="1.0" encoding="utf-8"?><testsuites name="pytest tests"><testsuite name="pytest" errors="0" failures="0" skipped="0" tests="300" time="18.211" timestamp="2025-08-14T22:50:45.232138+02:00" hostname="DESKTOP-I2CAJ6V"><testcase classname="tests.integration.test_cli" name="test_cli_help_shows_without_args" time="0.007" /><testcase classname="tests.integration.test_cli" name="test_missing_api_key_shows_friendly_error" time="0.002" /><testcase classname="tests.integration.test_cli" name="test_direct_search_help_text" time="0.004" /><testcase classname="tests.integration.test_cli" name="test_direct_search_without_command" time="0.056" /><testcase classname="tests.integration.test_cli" name="test_offers_partial_match_resolves" time="0.029" /><testcase classname="tests.integration.test_cli_check" name="test_check_help" time="0.004" /><testcase classname="tests.integration.test_cli_check" name="test_check_disabled_when_offline" time="0.015" /><testcase classname="tests.integration.test_cli_check" name="test_check_functional_when_online" time="0.010" /><testcase classname="tests.integration.test_list_command.TestListCommandMultipleFilters" name="test_list_single_filter" time="0.018" /><testcase classname="tests.integration.test_list_command.TestListCommandMultipleFilters" name="test_list_multiple_filters_and_logic" time="0.018" /><testcase classname="tests.integration.test_list_command.TestListCommandMultipleFilters" name="test_list_multiple_filters_case_insensitive" time="0.019" /><testcase classname="tests.integration.test_list_command.TestListCommandMultipleFilters" name="test_list_multiple_filters_no_matches" time="0.024" /><testcase classname="tests.integration.test_list_command.TestListCommandMultipleFilters" name="test_list_multiple_filters_all_match_same_model" time="0.023" /><testcase classname="tests.integration.test_list_command.TestListCommandMultipleFilters" name="test_list_no_filters_shows_all_models" time="0.023" /><testcase classname="tests.integration.test_list_command.TestListCommandMultipleFilters" name="test_list_with_providers_multiple_filters" time="0.022" /><testcase classname="tests.integration.test_list_command.TestListCommandMultipleFilters" name="test_list_table_output_format" time="0.019" /><testcase classname="tests.integration.test_list_command.TestListCommandMultipleFilters" name="test_list_json_output_with_multiple_filters" time="0.016" /><testcase classname="tests.test_offers_endpoint.TestOffersEndpointRegression" name="test_offers_url_format_regression" time="0.014" /><testcase classname="tests.test_offers_endpoint.TestOffersEndpointRegression" name="test_client_layer_uses_correct_endpoint_url" time="0.015" /><testcase classname="tests.unit.test_base_command_format_output" name="test_format_output_dispatch_models" time="0.003" /><testcase classname="tests.unit.test_base_command_format_output" name="test_format_output_dispatch_providers" time="0.002" /><testcase classname="tests.unit.test_benchmark_streaming.TestBenchmarkStreaming" name="test_count_tokens_basic" time="0.224" /><testcase classname="tests.unit.test_benchmark_streaming.TestBenchmarkStreaming" name="test_count_tokens_empty" time="0.008" /><testcase classname="tests.unit.test_benchmark_streaming.TestBenchmarkStreaming" name="test_count_tokens_different_models" time="0.008" /><testcase classname="tests.unit.test_benchmark_streaming.TestBenchmarkStreaming" name="test_streaming_with_token_limit_exceeded" time="0.012" /><testcase classname="tests.unit.test_benchmark_streaming.TestBenchmarkStreaming" name="test_streaming_normal_completion" time="0.011" /><testcase classname="tests.unit.test_benchmark_streaming.TestBenchmarkStreaming" name="test_streaming_with_malformed_json" time="0.011" /><testcase classname="tests.unit.test_benchmark_streaming.TestBenchmarkStreaming" name="test_streaming_error_handling" time="0.011" /><testcase classname="tests.unit.test_benchmark_streaming.TestBenchmarkStreaming" name="test_execute_with_max_tokens_parameter" time="0.017" /><testcase classname="tests.unit.test_benchmark_streaming.TestBenchmarkStreaming" name="test_benchmark_result_with_new_fields" time="0.001" /><testcase classname="tests.unit.test_benchmark_streaming.TestBenchmarkStreaming" name="test_streaming_chunks_without_content" time="0.011" /><testcase classname="tests.unit.test_cache.TestListCommandCache" name="test_cache_key_generation" time="0.002" /><testcase classname="tests.unit.test_cache.TestListCommandCache" name="test_store_and_retrieve_response" time="0.009" /><testcase classname="tests.unit.test_cache.TestListCommandCache" name="test_cache_file_creation" time="0.010" /><testcase classname="tests.unit.test_cache.TestListCommandCache" name="test_compare_responses_new_models" time="0.002" /><testcase classname="tests.unit.test_cache.TestListCommandCache" name="test_compare_responses_pricing_changes" time="0.001" /><testcase classname="tests.unit.test_cache.TestListCommandCache" name="test_compare_responses_no_previous_data" time="0.001" /><testcase classname="tests.unit.test_cache.TestListCommandCache" name="test_compare_responses_malformed_previous_data" time="0.002" /><testcase classname="tests.unit.test_cache.TestListCommandCache" name="test_cache_different_parameters" time="0.018" /><testcase classname="tests.unit.test_cache.TestListCommandCache" name="test_cache_file_corruption_handling" time="0.003" /><testcase classname="tests.unit.test_cli_benchmark_prompt" name="test_benchmark_with_custom_prompt_file" time="0.011" /><testcase classname="tests.unit.test_cli_benchmark_prompt" name="test_benchmark_with_missing_prompt_file_exits_2" time="0.002" /><testcase classname="tests.unit.test_cli_command_factory.TestCLICommandFactory" name="test_create_and_execute_command" time="0.007" /><testcase classname="tests.unit.test_cli_command_factory.TestCLICommandFactory" name="test_run_command_sync" time="0.002" /><testcase classname="tests.unit.test_cli_command_factory.TestCLICommandFactory" name="test_client_lifecycle_management" time="0.006" /><testcase classname="tests.unit.test_cli_command_factory.TestCLICommandFactory" name="test_service_client_assignment" time="0.005" /><testcase classname="tests.unit.test_cli_details.TestCliDetails" name="test_details_command_success" time="0.029" /><testcase classname="tests.unit.test_cli_details.TestCliDetails" name="test_details_command_missing_provider" time="0.003" /><testcase classname="tests.unit.test_cli_details.TestCliDetails" name="test_details_command_shorthand_syntax" time="0.009" /><testcase classname="tests.unit.test_cli_details.TestCliDetails" name="test_details_command_model_not_found" time="0.009" /><testcase classname="tests.unit.test_cli_details.TestCliDetails" name="test_details_command_provider_not_found" time="0.009" /><testcase classname="tests.unit.test_cli_details.TestCliDetails" name="test_details_command_missing_api_key" time="0.002" /><testcase classname="tests.unit.test_cli_details.TestCliDetails" name="test_details_command_with_hints" time="0.009" /><testcase classname="tests.unit.test_cli_details.TestCliDetails" name="test_details_command_with_no_hints" time="0.008" /><testcase classname="tests.unit.test_cli_endpoints.TestCliEndpointsFiltering" name="test_endpoints_basic" time="0.018" /><testcase classname="tests.unit.test_cli_endpoints.TestCliEndpointsFiltering" name="test_endpoints_with_min_quantization" time="0.015" /><testcase classname="tests.unit.test_cli_endpoints.TestCliEndpointsFiltering" name="test_endpoints_with_min_context" time="0.016" /><testcase classname="tests.unit.test_cli_endpoints.TestCliEndpointsFiltering" name="test_endpoints_with_reasoning_required" time="0.016" /><testcase classname="tests.unit.test_cli_endpoints.TestCliEndpointsFiltering" name="test_endpoints_with_no_reasoning_required" time="0.020" /><testcase classname="tests.unit.test_cli_endpoints.TestCliEndpointsFiltering" name="test_endpoints_with_tools_required" time="0.018" /><testcase classname="tests.unit.test_cli_endpoints.TestCliEndpointsFiltering" name="test_endpoints_with_no_tools_required" time="0.015" /><testcase classname="tests.unit.test_cli_endpoints.TestCliEndpointsFiltering" name="test_endpoints_with_image_required" time="0.017" /><testcase classname="tests.unit.test_cli_endpoints.TestCliEndpointsFiltering" name="test_endpoints_with_max_price_filters" time="0.018" /><testcase classname="tests.unit.test_cli_endpoints.TestCliEndpointsFiltering" name="test_endpoints_with_sorting" time="0.041" /><testcase classname="tests.unit.test_cli_endpoints.TestCliEndpointsFiltering" name="test_endpoints_with_descending_sort" time="0.020" /><testcase classname="tests.unit.test_cli_endpoints.TestCliEndpointsFiltering" name="test_endpoints_with_no_hints" time="0.010" /><testcase classname="tests.unit.test_cli_lightweight" name="test_cli_has_ping_command_registered" time="0.001" /><testcase classname="tests.unit.test_cli_lightweight.TestCliLightweightMode" name="test_list_flag_basic" time="0.024" /><testcase classname="tests.unit.test_cli_lightweight.TestCliLightweightMode" name="test_list_with_sorting" time="0.040" /><testcase classname="tests.unit.test_cli_lightweight.TestCliLightweightMode" name="test_list_with_descending_sort" time="0.020" /><testcase classname="tests.unit.test_cli_lightweight.TestCliLightweightMode" name="test_list_json_format" time="0.019" /><testcase classname="tests.unit.test_cli_lightweight.TestCliLightweightMode" name="test_list_with_providers_count" time="0.022" /><testcase classname="tests.unit.test_cli_lightweight.TestCliLightweightMode" name="test_list_with_providers_and_sorting" time="0.021" /><testcase classname="tests.unit.test_cli_lightweight.TestCliLightweightMode" name="test_list_with_tools_flag" time="0.024" /><testcase classname="tests.unit.test_cli_lightweight.TestCliLightweightMode" name="test_list_with_no_tools_flag" time="0.026" /><testcase classname="tests.unit.test_cli_lightweight.TestCliLightweightMode" name="test_list_with_tools_and_no_tools_error" time="0.003" /><testcase classname="tests.unit.test_cli_ping" name="test_ping_model_only_uses_headers_provider" time="0.011" /><testcase classname="tests.unit.test_cli_ping" name="test_ping_with_provider_positional" time="1.018" /><testcase classname="tests.unit.test_cli_ping" name="test_ping_with_at_shorthand" time="0.009" /><testcase classname="tests.unit.test_cli_ping" name="test_ping_error_path_prints_message" time="0.011" /><testcase classname="tests.unit.test_cli_ping" name="test_ping_provider_from_json_meta_when_no_header" time="0.011" /><testcase classname="tests.unit.test_cli_ping" name="test_ping_timeout_option_and_print" time="0.014" /><testcase classname="tests.unit.test_cli_ping" name="test_ping_count_and_filthy_rich_flags" time="10.087" /><testcase classname="tests.unit.test_cli_ping" name="test_ping_with_single_failure_counts_as_lost" time="1.020" /><testcase classname="tests.unit.test_cli_ping" name="test_ping_exit_code_on_success_and_failure" time="0.014" /><testcase classname="tests.unit.test_cli_ping" name="test_ping_success_with_segmented_content" time="0.008" /><testcase classname="tests.unit.test_cli_ping" name="test_ping_success_with_text_in_dict_content" time="0.014" /><testcase classname="tests.unit.test_cli_ping" name="test_ping_success_with_deeply_nested_content" time="0.009" /><testcase classname="tests.unit.test_cli_utils" name="test_ping_command_success_basic" time="2.026" /><testcase classname="tests.unit.test_client.TestOpenRouterClient" name="test_client_initialization" time="0.010" /><testcase classname="tests.unit.test_client.TestOpenRouterClient" name="test_context_manager" time="0.013" /><testcase classname="tests.unit.test_client.TestOpenRouterClient" name="test_get_models_success" time="0.013" /><testcase classname="tests.unit.test_client.TestOpenRouterClient" name="test_get_models_alternative_response_format" time="0.012" /><testcase classname="tests.unit.test_client.TestOpenRouterClient" name="test_get_models_invalid_data" time="0.012" /><testcase classname="tests.unit.test_client.TestOpenRouterClient" name="test_get_model_providers_success" time="0.011" /><testcase classname="tests.unit.test_client.TestOpenRouterClient" name="test_get_model_providers_fallback_to_models_endpoint" time="0.013" /><testcase classname="tests.unit.test_client.TestOpenRouterClient" name="test_get_model_providers_model_not_found" time="0.013" /><testcase classname="tests.unit.test_client.TestOpenRouterClient" name="test_get_model_providers_empty_model_name" time="0.012" /><testcase classname="tests.unit.test_client.TestOpenRouterClient" name="test_authentication_error_401" time="0.012" /><testcase classname="tests.unit.test_client.TestOpenRouterClient" name="test_authentication_error_403" time="0.011" /><testcase classname="tests.unit.test_client.TestOpenRouterClient" name="test_rate_limit_error_with_retry" time="0.018" /><testcase classname="tests.unit.test_client.TestOpenRouterClient" name="test_rate_limit_error_max_retries" time="0.016" /><testcase classname="tests.unit.test_client.TestOpenRouterClient" name="test_server_error_with_retry" time="0.014" /><testcase classname="tests.unit.test_client.TestOpenRouterClient" name="test_server_error_max_retries" time="0.016" /><testcase classname="tests.unit.test_client.TestOpenRouterClient" name="test_client_error_4xx" time="0.014" /><testcase classname="tests.unit.test_client.TestOpenRouterClient" name="test_timeout_error_with_retry" time="0.015" /><testcase classname="tests.unit.test_client.TestOpenRouterClient" name="test_timeout_error_max_retries" time="0.016" /><testcase classname="tests.unit.test_client.TestOpenRouterClient" name="test_connection_error_with_retry" time="0.013" /><testcase classname="tests.unit.test_client.TestOpenRouterClient" name="test_connection_error_max_retries" time="0.016" /><testcase classname="tests.unit.test_client.TestOpenRouterClient" name="test_health_check_success" time="0.014" /><testcase classname="tests.unit.test_client.TestOpenRouterClient" name="test_health_check_failure" time="0.012" /><testcase classname="tests.unit.test_client.TestOpenRouterClient" name="test_health_check_exception" time="0.011" /><testcase classname="tests.unit.test_client.TestOpenRouterClient" name="test_exponential_backoff_delay_calculation" time="0.011" /><testcase classname="tests.unit.test_client.TestOpenRouterClient" name="test_url_construction" time="0.010" /><testcase classname="tests.unit.test_client.TestOpenRouterClient" name="test_custom_base_url" time="0.011" /><testcase classname="tests.unit.test_client.TestExceptionHierarchy" name="test_exception_inheritance" time="0.001" /><testcase classname="tests.unit.test_client.TestExceptionHierarchy" name="test_api_error_with_status_code" time="0.001" /><testcase classname="tests.unit.test_client.TestExceptionHierarchy" name="test_api_error_without_status_code" time="0.001" /><testcase classname="tests.unit.test_client.TestExceptionHierarchy" name="test_authentication_error" time="0.001" /><testcase classname="tests.unit.test_client.TestExceptionHierarchy" name="test_rate_limit_error" time="0.001" /><testcase classname="tests.unit.test_client.TestExceptionHierarchy" name="test_validation_error" time="0.001" /><testcase classname="tests.unit.test_command_mixins.TestHintsMixin" name="test_supports_hints" time="0.003" /><testcase classname="tests.unit.test_command_mixins.TestHintsMixin" name="test_get_hint_context" time="0.002" /><testcase classname="tests.unit.test_command_mixins.TestHintsMixin" name="test_format_output_with_hints_disabled" time="0.002" /><testcase classname="tests.unit.test_command_mixins.TestHintsMixin" name="test_format_output_with_hints_no_support" time="0.004" /><testcase classname="tests.unit.test_command_mixins.TestHintsMixin" name="test_format_output_with_hints_enabled" time="0.003" /><testcase classname="tests.unit.test_commands.TestListCommand" name="test_execute_basic" time="0.016" /><testcase classname="tests.unit.test_commands.TestListCommand" name="test_execute_with_json_format" time="0.016" /><testcase classname="tests.unit.test_commands.TestEndpointsCommand" name="test_execute_basic" time="0.009" /><testcase classname="tests.unit.test_commands.TestEndpointsCommand" name="test_execute_with_no_hints" time="0.006" /><testcase classname="tests.unit.test_commands.TestCheckCommand" name="test_execute_functional" time="0.005" /><testcase classname="tests.unit.test_commands.TestCheckCommand" name="test_execute_disabled" time="0.005" /><testcase classname="tests.unit.test_commands.TestCheckCommand" name="test_execute_provider_not_found" time="0.004" /><testcase classname="tests.unit.test_commands.TestDetailsCommand" name="test_execute_basic" time="0.006" /><testcase classname="tests.unit.test_commands.TestDetailsCommand" name="test_execute_with_no_hints" time="0.005" /><testcase classname="tests.unit.test_dependency_inversion.TestDependencyInversion" name="test_base_command_accepts_interfaces" time="0.001" /><testcase classname="tests.unit.test_dependency_inversion.TestDependencyInversion" name="test_command_works_with_mock_dependencies" time="0.004" /><testcase classname="tests.unit.test_dependency_inversion.TestDependencyInversion" name="test_handlers_use_interfaces" time="0.003" /><testcase classname="tests.unit.test_dependency_inversion.TestDependencyInversion" name="test_command_execution_with_mocks" time="0.007" /><testcase classname="tests.unit.test_dependency_inversion.TestDependencyInversion" name="test_interfaces_are_properly_defined" time="0.001" /><testcase classname="tests.unit.test_enhanced_services.TestModelService" name="test_init_without_web_scraper" time="0.002" /><testcase classname="tests.unit.test_enhanced_services.TestModelService" name="test_normalize_provider_name_basic" time="0.002" /><testcase classname="tests.unit.test_enhanced_services.TestModelService" name="test_normalize_provider_name_with_suffixes" time="0.002" /><testcase classname="tests.unit.test_enhanced_services.TestModelService" name="test_normalize_provider_name_multiple_spaces" time="0.002" /><testcase classname="tests.unit.test_exceptions.TestOpenRouterError" name="test_basic_initialization" time="0.001" /><testcase classname="tests.unit.test_exceptions.TestOpenRouterError" name="test_inheritance_chain" time="0.001" /><testcase classname="tests.unit.test_exceptions.TestAPIError" name="test_api_error_with_status_code" time="0.001" /><testcase classname="tests.unit.test_exceptions.TestAPIError" name="test_api_error_without_status_code" time="0.001" /><testcase classname="tests.unit.test_exceptions.TestAPIError" name="test_authentication_error" time="0.001" /><testcase classname="tests.unit.test_exceptions.TestAPIError" name="test_rate_limit_error" time="0.001" /><testcase classname="tests.unit.test_exceptions.TestValidationError" name="test_validation_error" time="0.001" /><testcase classname="tests.unit.test_fmt_money_integration.TestFmtMoneyIntegration" name="test_fmt_money_used_for_input_column" time="0.013" /><testcase classname="tests.unit.test_fmt_money_integration.TestFmtMoneyIntegration" name="test_fmt_money_used_for_output_column" time="0.016" /><testcase classname="tests.unit.test_fmt_money_integration.TestFmtMoneyIntegration" name="test_fmt_money_handles_rounding" time="0.013" /><testcase classname="tests.unit.test_fmt_money_integration.TestFmtMoneyIntegration" name="test_fmt_money_handles_integers" time="0.015" /><testcase classname="tests.unit.test_fmt_money_integration.TestFmtMoneyIntegration" name="test_fmt_money_handles_none_prices" time="0.015" /><testcase classname="tests.unit.test_fmt_money_integration.TestFmtMoneyIntegration" name="test_all_price_cells_match_two_decimal_format" time="0.044" /><testcase classname="tests.unit.test_formatting.TestFmtMoney" name="test_format_float" time="0.001" /><testcase classname="tests.unit.test_formatting.TestFmtMoney" name="test_format_decimal" time="0.001" /><testcase classname="tests.unit.test_formatting.TestFmtMoney" name="test_format_integer" time="0.001" /><testcase classname="tests.unit.test_formatting.TestFmtMoney" name="test_format_negative" time="0.001" /><testcase classname="tests.unit.test_formatting.TestFmtMoney" name="test_format_rounding" time="0.001" /><testcase classname="tests.unit.test_formatting.TestFmtMoney" name="test_format_zero" time="0.001" /><testcase classname="tests.unit.test_handlers.TestModelHandler" name="test_list_models_basic" time="0.006" /><testcase classname="tests.unit.test_handlers.TestModelHandler" name="test_list_models_with_text_filters" time="0.005" /><testcase classname="tests.unit.test_handlers.TestModelHandler" name="test_search_models" time="0.005" /><testcase classname="tests.unit.test_handlers.TestModelHandler" name="test_sort_models_by_id" time="0.004" /><testcase classname="tests.unit.test_handlers.TestModelHandler" name="test_sort_models_by_context" time="0.002" /><testcase classname="tests.unit.test_handlers.TestProviderHandler" name="test_get_model_providers" time="0.004" /><testcase classname="tests.unit.test_handlers.TestProviderHandler" name="test_count_active_providers" time="0.003" /><testcase classname="tests.unit.test_handlers.TestProviderHandler" name="test_count_active_providers_offline" time="0.002" /><testcase classname="tests.unit.test_handlers.TestEndpointHandler" name="test_resolve_and_fetch_endpoints_exact_match" time="0.005" /><testcase classname="tests.unit.test_handlers.TestEndpointHandler" name="test_filter_endpoints_basic" time="0.002" /><testcase classname="tests.unit.test_handlers.TestEndpointHandler" name="test_filter_endpoints_with_reasoning_required" time="0.004" /><testcase classname="tests.unit.test_handlers.TestEndpointHandler" name="test_filter_endpoints_with_reasoning_excluded" time="0.003" /><testcase classname="tests.unit.test_handlers.TestEndpointHandler" name="test_sort_endpoints_by_provider" time="0.002" /><testcase classname="tests.unit.test_handlers.TestEndpointHandler" name="test_sort_endpoints_api_order" time="0.003" /><testcase classname="tests.unit.test_hints.TestHintContext" name="test_hint_context_creation" time="0.001" /><testcase classname="tests.unit.test_hints.TestHintContext" name="test_hint_context_with_methods" time="0.001" /><testcase classname="tests.unit.test_hints.TestHintProviders" name="test_list_hint_provider" time="0.001" /><testcase classname="tests.unit.test_hints.TestHintProviders" name="test_endpoints_hint_provider" time="0.001" /><testcase classname="tests.unit.test_hints.TestHintProviders" name="test_details_hint_provider" time="0.001" /><testcase classname="tests.unit.test_hints.TestHintProviders" name="test_search_hint_provider" time="0.001" /><testcase classname="tests.unit.test_hints.TestHintService" name="test_hint_service_initialization" time="0.001" /><testcase classname="tests.unit.test_hints.TestHintService" name="test_hint_service_get_hints" time="0.001" /><testcase classname="tests.unit.test_hints.TestHintService" name="test_hint_service_register_provider" time="0.001" /><testcase classname="tests.unit.test_hints.TestHintService" name="test_hint_service_unknown_command" time="0.001" /><testcase classname="tests.unit.test_list_command_cache.TestListCommandCache" name="test_first_run_no_cache" time="0.010" /><testcase classname="tests.unit.test_list_command_cache.TestListCommandCache" name="test_second_run_with_new_models" time="0.018" /><testcase classname="tests.unit.test_list_command_cache.TestListCommandCache" name="test_pricing_changes_detection" time="0.020" /><testcase classname="tests.unit.test_list_command_cache.TestListCommandCache" name="test_different_parameters_separate_cache" time="0.028" /><testcase classname="tests.unit.test_list_command_cache.TestListCommandCache" name="test_with_providers_caching" time="0.021" /><testcase classname="tests.unit.test_list_command_cache.TestListCommandCache" name="test_json_output_no_comparison" time="0.017" /><testcase classname="tests.unit.test_list_command_cache.TestListCommandCache" name="test_cache_storage_called" time="0.009" /><testcase classname="tests.unit.test_main_and_utils" name="test_main_inserts_list_for_unknown_command" time="0.002" /><testcase classname="tests.unit.test_main_and_utils" name="test_main_respects_known_command" time="0.002" /><testcase classname="tests.unit.test_main_and_utils" name="test_parse_datetime_recognised_formats[2024-06-01T12:34:56Z-2024]" time="0.010" /><testcase classname="tests.unit.test_main_and_utils" name="test_parse_datetime_recognised_formats[1719843496-2024]" time="0.010" /><testcase classname="tests.unit.test_main_and_utils" name="test_parse_datetime_recognised_formats[1719843496000-2024]" time="0.010" /><testcase classname="tests.unit.test_main_and_utils" name="test_parse_datetime_recognised_formats[1719843496.0-2024]" time="0.011" /><testcase classname="tests.unit.test_main_and_utils" name="test_parse_datetime_invalid_returns_now" time="0.010" /><testcase classname="tests.unit.test_models.TestModelInfo" name="test_valid_model_info" time="0.001" /><testcase classname="tests.unit.test_models.TestModelInfo" name="test_model_info_without_optional_fields" time="0.001" /><testcase classname="tests.unit.test_models.TestModelInfo" name="test_invalid_context_length" time="0.001" /><testcase classname="tests.unit.test_models.TestModelInfo" name="test_negative_pricing_validation" time="0.001" /><testcase classname="tests.unit.test_models.TestProviderInfo" name="test_valid_provider_info" time="0.001" /><testcase classname="tests.unit.test_models.TestProviderInfo" name="test_provider_info_with_defaults" time="0.001" /><testcase classname="tests.unit.test_models.TestProviderInfo" name="test_invalid_uptime_range" time="0.001" /><testcase classname="tests.unit.test_models.TestProviderInfo" name="test_negative_performance_tps" time="0.001" /><testcase classname="tests.unit.test_models.TestProviderDetails" name="test_valid_provider_details" time="0.001" /><testcase classname="tests.unit.test_models.TestProviderDetails" name="test_provider_details_with_defaults" time="0.001" /><testcase classname="tests.unit.test_models.TestSearchFilters" name="test_valid_search_filters" time="0.001" /><testcase classname="tests.unit.test_models.TestSearchFilters" name="test_empty_search_filters" time="0.001" /><testcase classname="tests.unit.test_models.TestSearchFilters" name="test_invalid_min_context_too_large" time="0.001" /><testcase classname="tests.unit.test_models.TestSearchFilters" name="test_invalid_min_context_zero" time="0.001" /><testcase classname="tests.unit.test_models.TestSearchFilters" name="test_invalid_max_price_negative" time="0.001" /><testcase classname="tests.unit.test_models.TestModelsResponse" name="test_valid_models_response" time="0.001" /><testcase classname="tests.unit.test_models.TestModelsResponse" name="test_empty_models_response" time="0.001" /><testcase classname="tests.unit.test_models.TestModelsResponse" name="test_mismatched_total_count" time="0.001" /><testcase classname="tests.unit.test_models.TestProvidersResponse" name="test_valid_providers_response" time="0.001" /><testcase classname="tests.unit.test_models.TestProvidersResponse" name="test_empty_providers_response" time="0.001" /><testcase classname="tests.unit.test_models.TestModelSerialization" name="test_model_info_json_serialization" time="0.001" /><testcase classname="tests.unit.test_models.TestModelSerialization" name="test_model_info_json_deserialization" time="0.001" /><testcase classname="tests.unit.test_models.TestModelSerialization" name="test_search_filters_partial_serialization" time="0.001" /><testcase classname="tests.unit.test_output_formatting.TestOutputFormatting" name="test_offers_table_displays_prices_per_million" time="0.013" /><testcase classname="tests.unit.test_output_formatting.TestOutputFormatting" name="test_offers_json_output" time="0.008" /><testcase classname="tests.unit.test_output_formatting.TestOutputFormatting" name="test_table_layout_api_only" time="0.014" /><testcase classname="tests.unit.test_output_formatting.TestOutputFormatting" name="test_quantization_formatting" time="0.019" /><testcase classname="tests.unit.test_output_formatting.TestOutputFormatting" name="test_image_support_detection" time="0.015" /><testcase classname="tests.unit.test_output_formatting.TestOutputFormatting" name="test_offers_filter_reasoning" time="0.014" /><testcase classname="tests.unit.test_output_formatting.TestOutputFormatting" name="test_offers_filter_no_reasoning" time="0.013" /><testcase classname="tests.unit.test_output_formatting.TestOutputFormatting" name="test_offers_filter_tools" time="0.012" /><testcase classname="tests.unit.test_output_formatting.TestOutputFormatting" name="test_offers_filter_no_tools" time="0.013" /><testcase classname="tests.unit.test_output_formatting.TestOutputFormatting" name="test_offers_filter_max_input_price" time="0.014" /><testcase classname="tests.unit.test_output_formatting.TestOutputFormatting" name="test_offers_filter_max_output_price" time="0.013" /><testcase classname="tests.unit.test_output_formatting.TestOutputFormatting" name="test_offers_filter_combined_reasoning_tools" time="0.013" /><testcase classname="tests.unit.test_output_formatting.TestOutputFormatting" name="test_offers_filter_combined_price_filters" time="0.014" /><testcase classname="tests.unit.test_output_formatting.TestOutputFormatting" name="test_offers_filter_all_combined" time="0.013" /><testcase classname="tests.unit.test_output_formatting.TestOutputFormatting" name="test_offers_filter_img" time="0.014" /><testcase classname="tests.unit.test_output_formatting.TestOutputFormatting" name="test_offers_filter_no_img" time="0.014" /><testcase classname="tests.unit.test_output_formatting.TestOutputFormatting" name="test_offers_filter_combined_with_img" time="0.013" /><testcase classname="tests.unit.test_output_formatting.TestOutputFormatting" name="test_offers_filter_combined_with_no_img" time="0.014" /><testcase classname="tests.unit.test_services.TestModelService" name="test_list_models_basic" time="0.003" /><testcase classname="tests.unit.test_services.TestModelService" name="test_list_models_empty" time="0.003" /><testcase classname="tests.unit.test_services.TestModelService" name="test_search_models_basic" time="0.004" /><testcase classname="tests.unit.test_services.TestModelService" name="test_search_models_case_insensitive" time="0.004" /><testcase classname="tests.unit.test_services.TestModelService" name="test_search_models_no_match" time="0.003" /><testcase classname="tests.unit.test_services.TestModelService" name="test_search_models_min_context_filter" time="0.004" /><testcase classname="tests.unit.test_services.TestModelService" name="test_search_models_max_price_filter" time="0.004" /><testcase classname="tests.unit.test_services.TestModelService" name="test_search_models_supports_tools_filter" time="0.004" /><testcase classname="tests.unit.test_services.TestModelService" name="test_search_models_reasoning_only_filter" time="0.004" /><testcase classname="tests.unit.test_services.TestModelService" name="test_get_model_providers" time="0.004" /><testcase classname="tests.unit.test_services.TestModelService" name="test_normalize_provider_name_basic" time="0.001" /><testcase classname="tests.unit.test_services.TestModelService" name="test_normalize_provider_name_with_suffixes" time="0.001" /><testcase classname="tests.unit.test_services.TestModelService" name="test_normalize_provider_name_multiple_spaces" time="0.003" /><testcase classname="tests.unit.test_table_formatter_utils" name="test_fmt_k" time="0.001" /><testcase classname="tests.unit.test_table_formatter_utils" name="test_fmt_price" time="0.001" /><testcase classname="tests.unit.test_table_formatter_utils" name="test_check_reasoning_support" time="0.001" /><testcase classname="tests.unit.test_table_formatter_utils" name="test_check_image_support" time="0.001" /><testcase classname="tests.unit.test_table_formatter_utils" name="test_format_models_highlights_changes" time="0.003" /><testcase classname="tests.unit.test_table_formatter_utils" name="test_format_models_new_models_table" time="0.006" /><testcase classname="tests.unit.test_table_formatter_utils" name="test_format_providers_no_longer_includes_hints" time="0.007" /><testcase classname="tests.unit.test_table_formatter_utils" name="test_format_providers_respects_no_hints_parameter" time="0.010" /><testcase classname="tests.unit.test_table_formatter_utils" name="test_format_model_details_no_longer_includes_hints" time="0.008" /><testcase classname="tests.unit.test_table_formatter_utils" name="test_format_model_details_respects_no_hints_parameter" time="0.016" /><testcase classname="tests.unit.test_utils.TestConfigureLogging" name="test_configure_logging_none" time="0.001" /><testcase classname="tests.unit.test_utils.TestConfigureLogging" name="test_configure_logging_none_with_default" time="0.002" /><testcase classname="tests.unit.test_utils.TestConfigureLogging" name="test_configure_logging_valid_levels" time="0.001" /><testcase classname="tests.unit.test_utils.TestConfigureLogging" name="test_configure_logging_invalid_level" time="0.002" /><testcase classname="tests.unit.test_utils.TestConfigureLogging" name="test_configure_logging_case_insensitive" time="0.001" /><testcase classname="tests.unit.test_utils.TestCreateCommandDependencies" name="test_create_command_dependencies" time="0.003" /><testcase classname="tests.unit.test_utils.TestNormalizeString" name="test_normalize_string_basic" time="0.001" /><testcase classname="tests.unit.test_utils.TestNormalizeString" name="test_normalize_string_none" time="0.001" /><testcase classname="tests.unit.test_utils.TestNormalizeString" name="test_normalize_string_empty" time="0.001" /><testcase classname="tests.unit.test_utils.TestNormalizeString" name="test_normalize_string_special_chars" time="0.001" /><testcase classname="tests.unit.test_utils.TestParseQuantizationBits" name="test_parse_quantization_bits_none" time="0.001" /><testcase classname="tests.unit.test_utils.TestParseQuantizationBits" name="test_parse_quantization_bits_empty" time="0.001" /><testcase classname="tests.unit.test_utils.TestParseQuantizationBits" name="test_parse_quantization_bits_bf16" time="0.001" /><testcase classname="tests.unit.test_utils.TestParseQuantizationBits" name="test_parse_quantization_bits_numeric" time="0.001" /><testcase classname="tests.unit.test_utils.TestParseQuantizationBits" name="test_parse_quantization_bits_no_digits" time="0.001" /><testcase classname="tests.unit.test_utils.TestParseContextThreshold" name="test_parse_context_threshold_none" time="0.001" /><testcase classname="tests.unit.test_utils.TestParseContextThreshold" name="test_parse_context_threshold_k_suffix" time="0.001" /><testcase classname="tests.unit.test_utils.TestParseContextThreshold" name="test_parse_context_threshold_numeric" time="0.001" /><testcase classname="tests.unit.test_utils.TestParseContextThreshold" name="test_parse_context_threshold_invalid" time="0.001" /><testcase classname="tests.unit.test_utils.TestCheckParameterSupport" name="test_check_parameter_support_list_exact_match" time="0.001" /><testcase classname="tests.unit.test_utils.TestCheckParameterSupport" name="test_check_parameter_support_list_prefix_match" time="0.001" /><testcase classname="tests.unit.test_utils.TestCheckParameterSupport" name="test_check_parameter_support_list_no_match" time="0.001" /><testcase classname="tests.unit.test_utils.TestCheckParameterSupport" name="test_check_parameter_support_dict_true" time="0.001" /><testcase classname="tests.unit.test_utils.TestCheckParameterSupport" name="test_check_parameter_support_dict_false" time="0.001" /><testcase classname="tests.unit.test_utils.TestCheckParameterSupport" name="test_check_parameter_support_dict_missing" time="0.001" /><testcase classname="tests.unit.test_utils.TestCheckParameterSupport" name="test_check_parameter_support_other_type" time="0.001" /><testcase classname="tests.unit.test_utils_functions" name="test_normalize_string" time="0.001" /><testcase classname="tests.unit.test_utils_functions" name="test_parse_quantization_bits" time="0.001" /><testcase classname="tests.unit.test_utils_functions" name="test_parse_context_threshold" time="0.001" /><testcase classname="tests.unit.test_utils_functions" name="test_check_parameter_support" time="0.001" /><testcase classname="tests.unit.test_utils_functions" name="test_configure_logging_sets_level" time="0.001" /><testcase classname="tests.unit.test_utils_functions" name="test_configure_logging_without_handlers" time="0.001" /><testcase classname="tests.unit.test_utils_functions" name="test_configure_logging_non_int_attribute" time="0.001" /><testcase classname="tests.unit.test_utils_functions" name="test_parse_quantization_bits_invalid" time="0.001" /><testcase classname="tests.unit.test_utils_functions" name="test_parse_quantization_bits_float_conversion_error" time="0.001" /></testsuite></testsuites>